TN:
SF:src/components/latvian-flag/latvian-flag.tsx
FN:3,(anonymous_0)
FN:62,(anonymous_1)
FN:79,(anonymous_2)
FN:96,(anonymous_3)
FN:100,(anonymous_4)
FN:113,(anonymous_5)
FN:138,(anonymous_6)
FN:146,(anonymous_7)
FN:153,(anonymous_8)
FNF:9
FNH:9
FNDA:7,(anonymous_0)
FNDA:23,(anonymous_1)
FNDA:9,(anonymous_2)
FNDA:12,(anonymous_3)
FNDA:10,(anonymous_4)
FNDA:6,(anonymous_5)
FNDA:6,(anonymous_6)
FNDA:6,(anonymous_7)
FNDA:6,(anonymous_8)
DA:1,1
DA:3,1
DA:9,1
DA:10,1
DA:25,7
DA:30,7
DA:35,7
DA:40,7
DA:45,7
DA:50,7
DA:55,7
DA:60,7
DA:63,23
DA:64,1
DA:67,22
DA:68,6
DA:71,16
DA:72,16
DA:73,1
DA:76,15
DA:80,9
DA:81,1
DA:84,8
DA:85,6
DA:88,2
DA:89,2
DA:90,1
DA:93,1
DA:97,12
DA:101,10
DA:102,1
DA:105,9
DA:106,9
DA:107,1
DA:110,8
DA:114,6
DA:115,6
DA:116,6
DA:117,6
DA:119,6
DA:120,2
DA:121,4
DA:122,3
DA:125,6
DA:126,2
DA:127,4
DA:128,3
DA:131,6
DA:132,2
DA:135,6
DA:139,6
DA:147,6
DA:154,6
DA:155,6
DA:156,6
DA:158,6
LF:56
LH:56
BRDA:63,0,0,1
BRDA:63,1,0,23
BRDA:63,1,1,22
BRDA:63,1,2,22
BRDA:67,2,0,6
BRDA:72,3,0,1
BRDA:76,4,0,10
BRDA:76,4,1,5
BRDA:80,5,0,1
BRDA:80,6,0,9
BRDA:80,6,1,8
BRDA:80,6,2,8
BRDA:84,7,0,6
BRDA:84,8,0,8
BRDA:84,8,1,6
BRDA:84,8,2,6
BRDA:89,9,0,1
BRDA:89,10,0,2
BRDA:89,10,1,1
BRDA:97,11,0,12
BRDA:97,11,1,4
BRDA:97,11,2,4
BRDA:100,12,0,10
BRDA:100,13,0,10
BRDA:101,14,0,1
BRDA:101,15,0,10
BRDA:101,15,1,9
BRDA:101,15,2,9
BRDA:105,16,0,7
BRDA:105,16,1,2
BRDA:106,17,0,1
BRDA:119,18,0,2
BRDA:119,18,1,4
BRDA:121,19,0,3
BRDA:125,20,0,2
BRDA:125,20,1,4
BRDA:127,21,0,3
BRDA:131,22,0,2
BRDA:131,23,0,6
BRDA:131,23,1,2
BRDA:131,23,2,5
BRDA:131,23,3,4
BRDA:142,24,0,6
BRDA:142,24,1,1
BRDA:148,25,0,6
BRDA:148,25,1,1
BRDA:149,26,0,6
BRDA:149,26,1,1
BRDA:156,27,0,1
BRDA:156,27,1,5
BRF:50
BRH:50
end_of_record
